# JRE version: OpenJDK Runtime Environment (8.0_76-b03) (build 1.8.0_76-release-b03)
# Java VM: OpenJDK 64-Bit Server VM (25.76-b03 mixed mode windows-amd64 compressed oops)
Heap:
 PSYoungGen      total 120832K, used 30717K [0x00000000e0000000, 0x00000000e8300000, 0x0000000100000000)
  eden space 114688K, 21% used [0x00000000e0000000,0x00000000e1889eb0,0x00000000e7000000)
  from space 6144K, 90% used [0x00000000e7d00000,0x00000000e8275558,0x00000000e8300000)
  to   space 9728K, 0% used [0x00000000e7000000,0x00000000e7000000,0x00000000e7980000)
 ParOldGen       total 34304K, used 8801K [0x00000000a0000000, 0x00000000a2180000, 0x00000000e0000000)
  object space 34304K, 25% used [0x00000000a0000000,0x00000000a0898508,0x00000000a2180000)
 Metaspace       used 28518K, capacity 29112K, committed 29488K, reserved 1075200K
  class space    used 3893K, capacity 4064K, committed 4144K, reserved 1048576K
GC Heap History (10 events):
Event: 6.066 GC heap before
{Heap before GC invocations=5 (full 0):
 PSYoungGen      total 35328K, used 35162K [0x00000000e0000000, 0x00000000e2500000, 0x0000000100000000)
  eden space 32768K, 99% used [0x00000000e0000000,0x00000000e1fde8f0,0x00000000e2000000)
  from space 2560K, 98% used [0x00000000e2280000,0x00000000e24f8040,0x00000000e2500000)
  to   space 2560K, 0% used [0x00000000e2000000,0x00000000e2000000,0x00000000e2280000)
 ParOldGen       total 44032K, used 4539K [0x00000000a0000000, 0x00000000a2b00000, 0x00000000e0000000)
  object space 44032K, 10% used [0x00000000a0000000,0x00000000a046ee18,0x00000000a2b00000)
 Metaspace       used 18834K, capacity 19230K, committed 19328K, reserved 1067008K
  class space    used 2526K, capacity 2667K, committed 2688K, reserved 1048576K
Event: 6.107 GC heap after
Heap after GC invocations=5 (full 0):
 PSYoungGen      total 35328K, used 2544K [0x00000000e0000000, 0x00000000e5200000, 0x0000000100000000)
  eden space 32768K, 0% used [0x00000000e0000000,0x00000000e0000000,0x00000000e2000000)
  from space 2560K, 99% used [0x00000000e2000000,0x00000000e227c010,0x00000000e2280000)
  to   space 9216K, 0% used [0x00000000e4900000,0x00000000e4900000,0x00000000e5200000)
 ParOldGen       total 44032K, used 10928K [0x00000000a0000000, 0x00000000a2b00000, 0x00000000e0000000)
  object space 44032K, 24% used [0x00000000a0000000,0x00000000a0aac2d0,0x00000000a2b00000)
 Metaspace       used 18834K, capacity 19230K, committed 19328K, reserved 1067008K
  class space    used 2526K, capacity 2667K, committed 2688K, reserved 1048576K
}
Event: 7.267 GC heap before
{Heap before GC invocations=6 (full 0):
 PSYoungGen      total 35328K, used 21238K [0x00000000e0000000, 0x00000000e5200000, 0x0000000100000000)
  eden space 32768K, 57% used [0x00000000e0000000,0x00000000e1241a00,0x00000000e2000000)
  from space 2560K, 99% used [0x00000000e2000000,0x00000000e227c010,0x00000000e2280000)
  to   space 9216K, 0% used [0x00000000e4900000,0x00000000e4900000,0x00000000e5200000)
 ParOldGen       total 44032K, used 10928K [0x00000000a0000000, 0x00000000a2b00000, 0x00000000e0000000)
  object space 44032K, 24% used [0x00000000a0000000,0x00000000a0aac2d0,0x00000000a2b00000)
 Metaspace       used 20829K, capacity 21222K, committed 21296K, reserved 1067008K
  class space    used 2724K, capacity 2853K, committed 2864K, reserved 1048576K
Event: 7.389 GC heap after
Heap after GC invocations=6 (full 0):
 PSYoungGen      total 73728K, used 5276K [0x00000000e0000000, 0x00000000e5100000, 0x0000000100000000)
  eden space 65536K, 0% used [0x00000000e0000000,0x00000000e0000000,0x00000000e4000000)
  from space 8192K, 64% used [0x00000000e4900000,0x00000000e4e27008,0x00000000e5100000)
  to   space 8704K, 0% used [0x00000000e4000000,0x00000000e4000000,0x00000000e4880000)
 ParOldGen       total 44032K, used 10936K [0x00000000a0000000, 0x00000000a2b00000, 0x00000000e0000000)
  object space 44032K, 24% used [0x00000000a0000000,0x00000000a0aae2d0,0x00000000a2b00000)
 Metaspace       used 20829K, capacity 21222K, committed 21296K, reserved 1067008K
  class space    used 2724K, capacity 2853K, committed 2864K, reserved 1048576K
}
Event: 7.389 GC heap before
{Heap before GC invocations=7 (full 1):
 PSYoungGen      total 73728K, used 5276K [0x00000000e0000000, 0x00000000e5100000, 0x0000000100000000)
  eden space 65536K, 0% used [0x00000000e0000000,0x00000000e0000000,0x00000000e4000000)
  from space 8192K, 64% used [0x00000000e4900000,0x00000000e4e27008,0x00000000e5100000)
  to   space 8704K, 0% used [0x00000000e4000000,0x00000000e4000000,0x00000000e4880000)
 ParOldGen       total 44032K, used 10936K [0x00000000a0000000, 0x00000000a2b00000, 0x00000000e0000000)
  object space 44032K, 24% used [0x00000000a0000000,0x00000000a0aae2d0,0x00000000a2b00000)
 Metaspace       used 20829K, capacity 21222K, committed 21296K, reserved 1067008K
  class space    used 2724K, capacity 2853K, committed 2864K, reserved 1048576K
Event: 7.468 GC heap after
Heap after GC invocations=7 (full 1):
 PSYoungGen      total 73728K, used 0K [0x00000000e0000000, 0x00000000e5100000, 0x0000000100000000)
  eden space 65536K, 0% used [0x00000000e0000000,0x00000000e0000000,0x00000000e4000000)
  from space 8192K, 0% used [0x00000000e4900000,0x00000000e4900000,0x00000000e5100000)
  to   space 8704K, 0% used [0x00000000e4000000,0x00000000e4000000,0x00000000e4880000)
 ParOldGen       total 34304K, used 8721K [0x00000000a0000000, 0x00000000a2180000, 0x00000000e0000000)
  object space 34304K, 25% used [0x00000000a0000000,0x00000000a08844e0,0x00000000a2180000)
 Metaspace       used 20829K, capacity 21222K, committed 21296K, reserved 1067008K
  class space    used 2724K, capacity 2853K, committed 2864K, reserved 1048576K
}
Event: 9.148 GC heap before
{Heap before GC invocations=8 (full 1):
 PSYoungGen      total 73728K, used 65536K [0x00000000e0000000, 0x00000000e5100000, 0x0000000100000000)
  eden space 65536K, 100% used [0x00000000e0000000,0x00000000e4000000,0x00000000e4000000)
  from space 8192K, 0% used [0x00000000e4900000,0x00000000e4900000,0x00000000e5100000)
  to   space 8704K, 0% used [0x00000000e4000000,0x00000000e4000000,0x00000000e4880000)
 ParOldGen       total 34304K, used 8721K [0x00000000a0000000, 0x00000000a2180000, 0x00000000e0000000)
  object space 34304K, 25% used [0x00000000a0000000,0x00000000a08844e0,0x00000000a2180000)
 Metaspace       used 25881K, capacity 26464K, committed 26544K, reserved 1073152K
  class space    used 3578K, capacity 3740K, committed 3760K, reserved 1048576K
Event: 9.163 GC heap after
Heap after GC invocations=8 (full 1):
 PSYoungGen      total 74240K, used 7697K [0x00000000e0000000, 0x00000000e8680000, 0x0000000100000000)
  eden space 65536K, 0% used [0x00000000e0000000,0x00000000e0000000,0x00000000e4000000)
  from space 8704K, 88% used [0x00000000e4000000,0x00000000e4784420,0x00000000e4880000)
  to   space 9728K, 0% used [0x00000000e7d00000,0x00000000e7d00000,0x00000000e8680000)
 ParOldGen       total 34304K, used 8721K [0x00000000a0000000, 0x00000000a2180000, 0x00000000e0000000)
  object space 34304K, 25% used [0x00000000a0000000,0x00000000a08844e0,0x00000000a2180000)
 Metaspace       used 25881K, capacity 26464K, committed 26544K, reserved 1073152K
  class space    used 3578K, capacity 3740K, committed 3760K, reserved 1048576K
}
Event: 14.679 GC heap before
{Heap before GC invocations=9 (full 1):
 PSYoungGen      total 74240K, used 73233K [0x00000000e0000000, 0x00000000e8680000, 0x0000000100000000)
  eden space 65536K, 100% used [0x00000000e0000000,0x00000000e4000000,0x00000000e4000000)
  from space 8704K, 88% used [0x00000000e4000000,0x00000000e4784420,0x00000000e4880000)
  to   space 9728K, 0% used [0x00000000e7d00000,0x00000000e7d00000,0x00000000e8680000)
 ParOldGen       total 34304K, used 8721K [0x00000000a0000000, 0x00000000a2180000, 0x00000000e0000000)
  object space 34304K, 25% used [0x00000000a0000000,0x00000000a08844e0,0x00000000a2180000)
 Metaspace       used 28163K, capacity 28760K, committed 28976K, reserved 1075200K
  class space    used 3862K, capacity 4032K, committed 4144K, reserved 1048576K
Event: 14.690 GC heap after
Heap after GC invocations=9 (full 1):
 PSYoungGen      total 120832K, used 5589K [0x00000000e0000000, 0x00000000e8300000, 0x0000000100000000)
  eden space 114688K, 0% used [0x00000000e0000000,0x00000000e0000000,0x00000000e7000000)
  from space 6144K, 90% used [0x00000000e7d00000,0x00000000e8275558,0x00000000e8300000)
  to   space 9728K, 0% used [0x00000000e7000000,0x00000000e7000000,0x00000000e7980000)
 ParOldGen       total 34304K, used 8801K [0x00000000a0000000, 0x00000000a2180000, 0x00000000e0000000)
  object space 34304K, 25% used [0x00000000a0000000,0x00000000a0898508,0x00000000a2180000)
 Metaspace       used 28163K, capacity 28760K, committed 28976K, reserved 1075200K
  class space    used 3862K, capacity 4032K, committed 4144K, reserved 1048576K
}

